        -:    0:Source:C:/Users/njjvr/OneDrive/Documents/COS214/Prac 4/COS214_P4/Prac 4/Aggregate.cpp
        -:    0:Graph:C:\Users\njjvr\OneDrive\Documents\COS214\Prac 4\COS214_P4\Prac 4\cmake-build-debug-coverage\CMakeFiles\Prac_4.dir\Aggregate.cpp.gcno
        -:    0:Data:C:\Users\njjvr\OneDrive\Documents\COS214\Prac 4\COS214_P4\Prac 4\cmake-build-debug-coverage\CMakeFiles\Prac_4.dir\Aggregate.cpp.gcda
        -:    0:Runs:1
        -:    1:#include "Aggregate.h"
        -:    2:
function _ZN9Aggregate14createIteratorESt3mapINSt7__cxx1112basic_stringIcSt11char_traitsIcESaIcEEEP4FarmSt4lessIS6_ESaISt4pairIKS6_S8_EEE called 1 returned 100% blocks executed 62%
        1:    3:Iterator *Aggregate::createIterator(map<string, Farm *> farms) {
        1:    4:    return new Iterator(farms);
        1:    4-block  0
call    0 returned 1
call    1 returned 1
branch  2 taken 1 (fallthrough)
branch  3 taken 0 (throw)
        1:    4-block  1
call    4 returned 1
branch  5 taken 1 (fallthrough)
branch  6 taken 0 (throw)
        1:    4-block  2
        1:    4-block  3
call    7 returned 1
        1:    4-block  4
    $$$$$:    4-block  5
call    8 never executed
    $$$$$:    4-block  6
    $$$$$:    4-block  7
branch  9 never executed (fallthrough)
branch 10 never executed
    $$$$$:    4-block  8
call   11 never executed
        -:    5:}
