        -:    0:Source:C:/Users/njjvr/OneDrive/Documents/COS214/Prac 4/COS214_P4/Prac 4/ConcreteFarm.cpp
        -:    0:Graph:C:\Users\njjvr\OneDrive\Documents\COS214\Prac 4\COS214_P4\Prac 4\cmake-build-debug-coverage\CMakeFiles\Prac_4.dir\ConcreteFarm.cpp.gcno
        -:    0:Data:C:\Users\njjvr\OneDrive\Documents\COS214\Prac 4\COS214_P4\Prac 4\cmake-build-debug-coverage\CMakeFiles\Prac_4.dir\ConcreteFarm.cpp.gcda
        -:    0:Runs:1
        -:    1:#include "ConcreteFarm.h"
        -:    2:
function _ZN12ConcreteFarmC2Ev called 9 returned 100% blocks executed 100%
        9:    3:ConcreteFarm::ConcreteFarm() : Farm() {
        9:    3-block  0
call    0 returned 9
call    1 returned 9
        -:    4:
        9:    5:}
        -:    6:
function _ZN12ConcreteFarm11addFarmUnitEP8FarmUnit called 9 returned 100% blocks executed 100%
        9:    7:bool ConcreteFarm::addFarmUnit(FarmUnit* farm) {
        9:    8:    this->farms.push_back(farm);
        9:    8-block  0
call    0 returned 9
        9:    9:    return true;
        -:   10:}
        -:   11:
function _ZN12ConcreteFarm14removeFarmUnitEP8FarmUnit called 0 returned 0% blocks executed 0%
    #####:   12:bool ConcreteFarm::removeFarmUnit(FarmUnit* farm) {
    #####:   13:    for (int i = 0; i < this->farms.size(); i++) {
    %%%%%:   13-block  0
    %%%%%:   13-block  1
    %%%%%:   13-block  2
call    0 never executed
branch  1 never executed
branch  2 never executed (fallthrough)
        -:   14:
    #####:   15:        if (this->farms[i] == farm) {
    %%%%%:   15-block  0
call    0 never executed
branch  1 never executed (fallthrough)
branch  2 never executed
        -:   16:
    #####:   17:            this->farms.erase(this->farms.begin() + i);
    %%%%%:   17-block  0
call    0 never executed
call    1 never executed
call    2 never executed
call    3 never executed
branch  4 never executed (fallthrough)
branch  5 never executed (throw)
    $$$$$:   17-block  1
    $$$$$:   17-block  2
    #####:   18:            return true;
    %%%%%:   18-block  0
        -:   19:
        -:   20:        }
        -:   21:
        -:   22:    }
        -:   23:
    #####:   24:    return false;
    %%%%%:   24-block  0
        -:   25:}
        -:   26:
function _ZN12ConcreteFarm11getFarmUnitEi called 36 returned 100% blocks executed 100%
       36:   27:FarmUnit *ConcreteFarm::getFarmUnit(int index) {
       36:   28:    return this->farms.at(index);
       36:   28-block  0
call    0 returned 36
        -:   29:}
        -:   30:
function _ZN12ConcreteFarm8buyTruckEP5Truck called 0 returned 0% blocks executed 0%
    #####:   31:void ConcreteFarm::buyTruck(Truck *truck) {
    #####:   32:    this->truck = truck;
    #####:   33:}
        -:   34:
function _ZN12ConcreteFarm9sellTruckEv called 0 returned 0% blocks executed 0%
    #####:   35:void ConcreteFarm::sellTruck() {
    #####:   36:    delete this->truck;
    %%%%%:   36-block  0
branch  0 never executed (fallthrough)
branch  1 never executed
    %%%%%:   36-block  1
call    2 never executed
call    3 never executed
    #####:   37:}
        -:   38:
function _ZN12ConcreteFarm9callTruckEv called 0 returned 0% blocks executed 0%
    #####:   39:void ConcreteFarm::callTruck() {
    #####:   40:    if (getTruckName() == "Delivery") {
    %%%%%:   40-block  0
call    0 never executed
branch  1 never executed (fallthrough)
branch  2 never executed (throw)
    %%%%%:   40-block  1
call    3 never executed
call    4 never executed
branch  5 never executed (fallthrough)
branch  6 never executed
    #####:   41:        this->truck->startEngine(farms[1]);
    %%%%%:   41-block  0
call    0 never executed
call    1 never executed
        -:   42:    }
        -:   43:    else {
    #####:   44:        this->truck->startEngine(farms[0]);
    %%%%%:   44-block  0
call    0 never executed
call    1 never executed
        -:   45:    }
    #####:   46:}
    %%%%%:   46-block  0
        -:   47:
function _ZN12ConcreteFarm11startEngineEv called 0 returned 0% blocks executed 0%
    #####:   48:void ConcreteFarm::startEngine() {
    #####:   49:    callTruck();
    %%%%%:   49-block  0
call    0 never executed
    #####:   50:}
        -:   51:
function _ZN12ConcreteFarm12getTruckNameB5cxx11Ev called 0 returned 0% blocks executed 0%
    #####:   52:string ConcreteFarm::getTruckName() {
    #####:   53:    return truck->getName();
    %%%%%:   53-block  0
call    0 never executed
        -:   54:}
        -:   55:
function _ZN12ConcreteFarm8getTruckEv called 0 returned 0% blocks executed 0%
    #####:   56:Truck *ConcreteFarm::getTruck() {
    #####:   57:    return this->truck;
    %%%%%:   57-block  0
        -:   58:}
        -:   59:
function _ZN12ConcreteFarm12setSoilStateEP9SoilState called 0 returned 0% blocks executed 0%
    #####:   60:void ConcreteFarm::setSoilState(SoilState* soilState) {
    #####:   61:    this->farms[0]->setSoilState(soilState);
    %%%%%:   61-block  0
call    0 never executed
call    1 never executed
    #####:   62:    this->farmer->updateFarmState();
call    0 never executed
    #####:   63:}
        -:   64:
function _ZN12ConcreteFarm12setCropStateEP9CropState called 0 returned 0% blocks executed 0%
    #####:   65:void ConcreteFarm::setCropState(CropState *cropState) {
    #####:   66:    this->farms[0]->setCropState(cropState);
    %%%%%:   66-block  0
call    0 never executed
call    1 never executed
    #####:   67:    this->farmer->updateFarmState();
call    0 never executed
    #####:   68:}
        -:   69:
function _ZN12ConcreteFarm12getSoilStateEv called 0 returned 0% blocks executed 0%
    #####:   70:SoilState *ConcreteFarm::getSoilState() {
    #####:   71:    return this->farms[0]->getSoilState();
    %%%%%:   71-block  0
call    0 never executed
call    1 never executed
        -:   72:}
        -:   73:
function _ZN12ConcreteFarm12getCropStateEv called 0 returned 0% blocks executed 0%
    #####:   74:CropState *ConcreteFarm::getCropState() {
    #####:   75:    return this->farms[0]->getCropState();
    %%%%%:   75-block  0
call    0 never executed
call    1 never executed
        -:   76:}
        -:   77:
function _ZN12ConcreteFarm7harvestEv called 0 returned 0% blocks executed 0%
    #####:   78:void ConcreteFarm::harvest() {
    #####:   79:    if (this->farms[0]->getSoilState()->isReadyForHarvest()) {
    %%%%%:   79-block  0
call    0 never executed
call    1 never executed
call    2 never executed
branch  3 never executed (fallthrough)
branch  4 never executed
    #####:   80:        int increaseBy = 16 * (this->farms[0]->getSoilState()->getProductionMultiplier());
    %%%%%:   80-block  0
call    0 never executed
call    1 never executed
call    2 never executed
        -:   81:
    #####:   82:        this->farms[1]->increaseCapacity(increaseBy);
call    0 never executed
call    1 never executed
        -:   83:
    #####:   84:        this->notifyFarmerHarvest(increaseBy);
call    0 never executed
        -:   85:    }
    #####:   86:}
        -:   87:
        -:   88://void ConcreteFarm::notifyFarmerSoil(State *oldStateSoil) {
        -:   89://    this->farmer->setStateCrop(oldStateSoil);
        -:   90://}
        -:   91://
        -:   92://void ConcreteFarm::notifyFarmerCrop(State *oldStateCrop) {
        -:   93://    this->farmer->setStateCrop(oldStateCrop);
        -:   94://}
        -:   95:
function _ZN12ConcreteFarm19notifyFarmerHarvestEi called 0 returned 0% blocks executed 0%
    #####:   96:void ConcreteFarm::notifyFarmerHarvest(int amount) {
    #####:   97:    this->farmer->increaseCapacity(amount);
    %%%%%:   97-block  0
call    0 never executed
    #####:   98:}
