        -:    0:Source:C:/Users/njjvr/OneDrive/Documents/COS214/Prac 4/COS214_P4/Prac 4/CropField.h
        -:    0:Graph:C:\Users\njjvr\OneDrive\Documents\COS214\Prac 4\COS214_P4\Prac 4\cmake-build-debug-coverage\CMakeFiles\Prac_4.dir\CropField.cpp.gcno
        -:    0:Data:C:\Users\njjvr\OneDrive\Documents\COS214\Prac 4\COS214_P4\Prac 4\cmake-build-debug-coverage\CMakeFiles\Prac_4.dir\CropField.cpp.gcda
        -:    0:Runs:1
        -:    1:#ifndef CROPFIELD_H
        -:    2:#define CROPFIELD_H
        -:    3:
        -:    4:#include "FarmUnit.h"
        -:    5:#include "SoilState.h"
        -:    6:#include "CropState.h"
        -:    7:
        -:    8:class SoilState;
        -:    9:class CropState;
        -:   10:
        -:   11:class CropField : public FarmUnit{
        -:   12:    private:
        -:   13:        SoilState* soilState;
        -:   14:        CropState* cropState;
        -:   15:        int yield; //the amount that has been planted
        -:   16:
        -:   17:
        -:   18:    public:
        -:   19:        // virtual void harvestCrops() = 0;
        -:   20:        void summonRain();
        -:   21:
        -:   22:        void setSoilState(SoilState* soilState);
        -:   23:        void setCropState(CropState* cropState);
        -:   24:        SoilState* getSoilState();
        -:   25:        CropState* getCropState();
        -:   26:
        -:   27:        bool getCropStatus();
        -:   28:
        -:   29:
        -:   30:        void buyTruck(Truck* truck) {};
        -:   31:        void sellTruck() {};
        -:   32:        void callTruck() {};
        -:   33:        void startEngine() {};
        -:   34:
function _ZN9CropField18getCurrentCapacityEv called 0 returned 0% blocks executed 0%
    #####:   35:        int getCurrentCapacity() {return -1;};
    %%%%%:   35-block  0
function _ZN9CropField16increaseCapacityEi called 0 returned 0% blocks executed 0%
    #####:   36:        void increaseCapacity(int amount) {};
function _ZN9CropField16decreaseCapacityEi called 0 returned 0% blocks executed 0%
    #####:   37:        void decreaseCapacity(int amount) {};
function _ZN9CropField11setCapacityEi called 0 returned 0% blocks executed 0%
    #####:   38:        void setCapacity(int amount) {};
function _ZN9CropField13getThreshholdEv called 0 returned 0% blocks executed 0%
    #####:   39:        int getThreshhold() {return -1;};
    %%%%%:   39-block  0
        -:   40:};
        -:   41:
        -:   42:#endif
