        -:    0:Source:C:/Users/njjvr/OneDrive/Documents/COS214/Prac 4/COS214_P4/Prac 4/DeliveryTruck.cpp
        -:    0:Graph:C:\Users\njjvr\OneDrive\Documents\COS214\Prac 4\COS214_P4\Prac 4\cmake-build-debug-coverage\CMakeFiles\Prac_4.dir\DeliveryTruck.cpp.gcno
        -:    0:Data:C:\Users\njjvr\OneDrive\Documents\COS214\Prac 4\COS214_P4\Prac 4\cmake-build-debug-coverage\CMakeFiles\Prac_4.dir\DeliveryTruck.cpp.gcda
        -:    0:Runs:1
        -:    1:#include "DeliveryTruck.h"
        -:    2:
function _ZN13DeliveryTruckC2Ev called 0 returned 0% blocks executed 0%
    #####:    3:DeliveryTruck::DeliveryTruck() : Truck("Delivery"){}
    %%%%%:    3-block  0
    %%%%%:    3-block  1
call    0 never executed
branch  1 never executed (fallthrough)
branch  2 never executed (throw)
    %%%%%:    3-block  2
call    3 never executed
branch  4 never executed (fallthrough)
branch  5 never executed (throw)
    %%%%%:    3-block  3
call    6 never executed
    $$$$$:    3-block  4
call    7 never executed
    $$$$$:    3-block  5
        -:    4:
function _ZN13DeliveryTruck11startEngineEP8FarmUnit called 0 returned 0% blocks executed 0%
    #####:    5:void DeliveryTruck::startEngine(FarmUnit *barn) {
    #####:    6:    barn->decreaseCapacity(barn->getCurrentCapacity());
    %%%%%:    6-block  0
call    0 never executed
call    1 never executed
    #####:    7:}
