        -:    0:Source:C:/Users/njjvr/OneDrive/Documents/COS214/Prac 4/COS214_P4/Prac 4/ExtraBarn.cpp
        -:    0:Graph:C:\Users\njjvr\OneDrive\Documents\COS214\Prac 4\COS214_P4\Prac 4\cmake-build-debug-coverage\CMakeFiles\Prac_4.dir\ExtraBarn.cpp.gcno
        -:    0:Data:C:\Users\njjvr\OneDrive\Documents\COS214\Prac 4\COS214_P4\Prac 4\cmake-build-debug-coverage\CMakeFiles\Prac_4.dir\ExtraBarn.cpp.gcda
        -:    0:Runs:1
        -:    1:#include "ExtraBarn.h"
        -:    2:
function _ZN9ExtraBarnC2Ev called 0 returned 0% blocks executed 0%
    #####:    3:ExtraBarn::ExtraBarn() {
    #####:    4:    extraCapacity = 100;
    #####:    5:}
        -:    6:
function _ZN9ExtraBarnC2Ei called 0 returned 0% blocks executed 0%
    #####:    7:ExtraBarn::ExtraBarn(int capacity) {
    #####:    8:    extraCapacity = capacity;
    #####:    9:}
