        -:    0:Source:C:/Users/njjvr/OneDrive/Documents/COS214/Prac 4/COS214_P4/Prac 4/FertilizerTruck.cpp
        -:    0:Graph:C:\Users\njjvr\OneDrive\Documents\COS214\Prac 4\COS214_P4\Prac 4\cmake-build-debug-coverage\CMakeFiles\Prac_4.dir\FertilizerTruck.cpp.gcno
        -:    0:Data:C:\Users\njjvr\OneDrive\Documents\COS214\Prac 4\COS214_P4\Prac 4\cmake-build-debug-coverage\CMakeFiles\Prac_4.dir\FertilizerTruck.cpp.gcda
        -:    0:Runs:1
        -:    1:#include "FertilizerTruck.h"
        -:    2:
function _ZN15FertilizerTruckC2Ev called 0 returned 0% blocks executed 0%
    #####:    3:FertilizerTruck::FertilizerTruck() : Truck("Fertilizer"){}
    %%%%%:    3-block  0
    %%%%%:    3-block  1
call    0 never executed
branch  1 never executed (fallthrough)
branch  2 never executed (throw)
    %%%%%:    3-block  2
call    3 never executed
branch  4 never executed (fallthrough)
branch  5 never executed (throw)
    %%%%%:    3-block  3
call    6 never executed
    $$$$$:    3-block  4
call    7 never executed
    $$$$$:    3-block  5
        -:    4:
function _ZN15FertilizerTruck11startEngineEP8FarmUnit called 0 returned 0% blocks executed 0%
    #####:    5:void FertilizerTruck::startEngine(FarmUnit *farm) {
    #####:    6:    farm->setSoilState(new FruitfulSoil);
    %%%%%:    6-block  0
call    0 never executed
call    1 never executed
branch  2 never executed (fallthrough)
branch  3 never executed (throw)
    %%%%%:    6-block  1
call    4 never executed
branch  5 never executed (fallthrough)
branch  6 never executed (throw)
    $$$$$:    6-block  2
branch  7 never executed (fallthrough)
branch  8 never executed
    $$$$$:    6-block  3
call    9 never executed
    #####:    7:}
    %%%%%:    7-block  0
