        -:    0:Source:C:/Users/njjvr/OneDrive/Documents/COS214/Prac 4/COS214_P4/Prac 4/FruitfulSoil.cpp
        -:    0:Graph:C:\Users\njjvr\OneDrive\Documents\COS214\Prac 4\COS214_P4\Prac 4\cmake-build-debug-coverage\CMakeFiles\Prac_4.dir\FruitfulSoil.cpp.gcno
        -:    0:Data:C:\Users\njjvr\OneDrive\Documents\COS214\Prac 4\COS214_P4\Prac 4\cmake-build-debug-coverage\CMakeFiles\Prac_4.dir\FruitfulSoil.cpp.gcda
        -:    0:Runs:1
        -:    1:#include "FruitfulSoil.h"
        -:    2:
function _ZN12FruitfulSoil7getNameB5cxx11Ev called 0 returned 0% blocks executed 0%
    #####:    3:string FruitfulSoil::getName() {
    #####:    4:    return this->name;
    %%%%%:    4-block  0
call    0 never executed
        -:    5:}
        -:    6:
function _ZN12FruitfulSoil12harvestCropsEiP9CropField called 0 returned 0% blocks executed 0%
    #####:    7:void FruitfulSoil:: harvestCrops(int yield, CropField* context) {
        -:    8:
    #####:    9:    if(!context->getCropStatus()){
    %%%%%:    9-block  0
call    0 never executed
branch  1 never executed (fallthrough)
branch  2 never executed
    #####:   10:        return;
    %%%%%:   10-block  0
        -:   11:    }
        -:   12:
    #####:   13:    cout << "Your soil is fruitful. Your have harvested 3x the normal amount of crops!" << endl;
    %%%%%:   13-block  0
call    0 never executed
call    1 never executed
        -:   14:
    #####:   15:    cout << "You have harvested " << yield * productionMultiplier << " crops." << endl;
call    0 never executed
call    1 never executed
call    2 never executed
call    3 never executed
        -:   16:
        -:   17:}
        -:   18:
function _ZN12FruitfulSoil4rainEP9CropField called 0 returned 0% blocks executed 0%
    #####:   19:void FruitfulSoil::rain(CropField *context) {
    #####:   20:    cout << "It has started raining on a fruitful crop field" << endl;
    %%%%%:   20-block  0
call    0 never executed
call    1 never executed
    #####:   21:    context->setSoilState(new FloodedSoil());
call    0 never executed
call    1 never executed
branch  2 never executed (fallthrough)
branch  3 never executed (throw)
    %%%%%:   21-block  0
call    4 never executed
branch  5 never executed (fallthrough)
branch  6 never executed (throw)
    $$$$$:   21-block  1
branch  7 never executed (fallthrough)
branch  8 never executed
    $$$$$:   21-block  2
call    9 never executed
        -:   22:
    #####:   23:}
    %%%%%:   23-block  0
        -:   24:
function _ZN12FruitfulSoil23getProductionMultiplierEv called 0 returned 0% blocks executed 0%
    #####:   25:int FruitfulSoil::getProductionMultiplier() {
    #####:   26:    return this->productionMultiplier;
    %%%%%:   26-block  0
        -:   27:}
