        -:    0:Source:C:/Users/njjvr/OneDrive/Documents/COS214/Prac 4/COS214_P4/Prac 4/FullyGrown.cpp
        -:    0:Graph:C:\Users\njjvr\OneDrive\Documents\COS214\Prac 4\COS214_P4\Prac 4\cmake-build-debug-coverage\CMakeFiles\Prac_4.dir\FullyGrown.cpp.gcno
        -:    0:Data:C:\Users\njjvr\OneDrive\Documents\COS214\Prac 4\COS214_P4\Prac 4\cmake-build-debug-coverage\CMakeFiles\Prac_4.dir\FullyGrown.cpp.gcda
        -:    0:Runs:1
        -:    1:#include "FullyGrown.h"
        -:    2:
function _ZN10FullyGrown7getNameB5cxx11Ev called 0 returned 0% blocks executed 0%
    #####:    3:string FullyGrown::getName() {
    #####:    4:    return this->name;
    %%%%%:    4-block  0
call    0 never executed
        -:    5:}
        -:    6:
function _ZN10FullyGrown17isReadyForHarvestEv called 0 returned 0% blocks executed 0%
    #####:    7:bool FullyGrown:: isReadyForHarvest() {
    #####:    8:    cout << "You may harvest the crops, they are fully grown" << endl;
    %%%%%:    8-block  0
call    0 never executed
call    1 never executed
    #####:    9:    return true;
        -:   10:
        -:   11:}
        -:   12:
function _ZN10FullyGrown9growCropsEP9CropField called 0 returned 0% blocks executed 0%
    #####:   13:void FullyGrown::growCrops(CropField *context) {
    #####:   14:    cout << "Your fully grown crops are ready for harvest!" << endl;
    %%%%%:   14-block  0
call    0 never executed
call    1 never executed
    #####:   15:}
        -:   16:
