        -:    0:Source:C:/Users/njjvr/OneDrive/Documents/COS214/Prac 4/COS214_P4/Prac 4/CropState.h
        -:    0:Graph:C:\Users\njjvr\OneDrive\Documents\COS214\Prac 4\COS214_P4\Prac 4\cmake-build-debug-coverage\CMakeFiles\Prac_4.dir\FullyGrown.cpp.gcno
        -:    0:Data:C:\Users\njjvr\OneDrive\Documents\COS214\Prac 4\COS214_P4\Prac 4\cmake-build-debug-coverage\CMakeFiles\Prac_4.dir\FullyGrown.cpp.gcda
        -:    0:Runs:1
        -:    1:#ifndef CROPSTATE_H
        -:    2:#define CROPSTATE_H
        -:    3:
        -:    4:#include "State.h"
        -:    5://#include "CropField.h"
        -:    6:
        -:    7://class CropField;
        -:    8:
        -:    9:class CropState : public State {
        -:   10:    public:
        -:   11:        virtual string getName() = 0;
        -:   12:
        -:   13:        virtual bool isReadyForHarvest() = 0;
        -:   14:        virtual void growCrops(CropField* context) = 0;
        -:   15:
function _ZN9CropState12harvestCropsEiP9CropField called 0 returned 0% blocks executed 0%
    #####:   16:        void harvestCrops(int yield, CropField* context) {};
function _ZN9CropState4rainEP9CropField called 0 returned 0% blocks executed 0%
    #####:   17:        void rain(CropField* context) {};
        -:   18:
function _ZN9CropState23getProductionMultiplierEv called 0 returned 0% blocks executed 0%
    #####:   19:    int getProductionMultiplier() {return -1;};
    %%%%%:   19-block  0
        -:   20:};
        -:   21:
        -:   22:#endif
