        -:    0:Source:C:/Users/njjvr/OneDrive/Documents/COS214/Prac 4/COS214_P4/Prac 4/Iterator.cpp
        -:    0:Graph:C:\Users\njjvr\OneDrive\Documents\COS214\Prac 4\COS214_P4\Prac 4\cmake-build-debug-coverage\CMakeFiles\Prac_4.dir\Iterator.cpp.gcno
        -:    0:Data:C:\Users\njjvr\OneDrive\Documents\COS214\Prac 4\COS214_P4\Prac 4\cmake-build-debug-coverage\CMakeFiles\Prac_4.dir\Iterator.cpp.gcda
        -:    0:Runs:1
        -:    1:#include "Iterator.h"
        -:    2:
function _ZN8IteratorC2ESt3mapINSt7__cxx1112basic_stringIcSt11char_traitsIcESaIcEEEP12ConcreteFarmSt4lessIS6_ESaISt4pairIKS6_S8_EEE called 1 returned 100% blocks executed 86%
        1:    3:Iterator::Iterator(map<string, ConcreteFarm *> farms) {
        1:    3-block  0
call    0 returned 1
call    1 returned 1
        1:    4:    this->farms = farms;
call    0 returned 1
branch  1 taken 1 (fallthrough)
branch  2 taken 0 (throw)
        1:    5:    this->current = this->farms.begin();
        1:    5-block  0
call    0 returned 1
        1:    6:}
    $$$$$:    6-block  0
call    0 never executed
        -:    7:
function _ZN8Iterator7getFarmENSt7__cxx1112basic_stringIcSt11char_traitsIcESaIcEEE called 0 returned 0% blocks executed 0%
    #####:    8:ConcreteFarm *Iterator::getFarm(string farmName) {
        -:    9://    Farm * possibleFarm = farms.find(farmName)->second;
        -:   10://
        -:   11://    if (possibleFarm != nullptr) {
        -:   12://        current = possibleFarm;
        -:   13://        return current;
        -:   14://    }
        -:   15://    else {
        -:   16://        current = nullptr;
        -:   17://        return current;
        -:   18://    }
        -:   19:
    #####:   20:    map<string, ConcreteFarm*> ::iterator temp;
    %%%%%:   20-block  0
call    0 never executed
        -:   21:
    #####:   22:    for (temp == farms.begin(); temp != farms.end(); ++temp) {
call    0 never executed
call    1 never executed
    %%%%%:   22-block  0
call    2 never executed
    %%%%%:   22-block  1
call    3 never executed
call    4 never executed
branch  5 never executed
branch  6 never executed (fallthrough)
    #####:   23:        if (temp->first == farmName) {
    %%%%%:   23-block  0
call    0 never executed
call    1 never executed
branch  2 never executed (fallthrough)
branch  3 never executed
    #####:   24:            return temp->second;
    %%%%%:   24-block  0
call    0 never executed
        -:   25:        }
        -:   26:    }
        -:   27:
    #####:   28:    return nullptr;
    %%%%%:   28-block  0
        -:   29:}
        -:   30:
function _ZN8Iterator8getStartEv called 0 returned 0% blocks executed 0%
    #####:   31:ConcreteFarm *Iterator::getStart() {
    #####:   32:    this->current = this->farms.begin();
    %%%%%:   32-block  0
call    0 never executed
    #####:   33:    return current->second;
call    0 never executed
        -:   34:}
        -:   35:
function _ZN8Iterator6getEndEv called 0 returned 0% blocks executed 0%
    #####:   36:ConcreteFarm *Iterator::getEnd() {
    #####:   37:    this->current = this->farms.begin();
    %%%%%:   37-block  0
call    0 never executed
    #####:   38:    return current->second;
call    0 never executed
        -:   39:}
        -:   40:
function _ZN8Iterator7getNextEv called 0 returned 0% blocks executed 0%
    #####:   41:ConcreteFarm *Iterator::getNext() {
        -:   42://    if (current == farms.end()->second) {
        -:   43://        return nullptr;
        -:   44://    }
        -:   45://
        -:   46://    current = next(current);
        -:   47:
    #####:   48:    current++;
    %%%%%:   48-block  0
call    0 never executed
        -:   49:
        -:   50://    if (current->second == nullptr) {
        -:   51://        return nullptr;
        -:   52://    }
        -:   53:
    #####:   54:    return current->second;
call    0 never executed
        -:   55:}
        -:   56:
function _ZN8Iterator11getPreviousEv called 0 returned 0% blocks executed 0%
    #####:   57:ConcreteFarm *Iterator::getPrevious() {
        -:   58://    if (current == farms.begin()->second) {
        -:   59://        return nullptr;
        -:   60://    }
        -:   61://
        -:   62://    current = prev(current);
        -:   63:
    #####:   64:    current--;
    %%%%%:   64-block  0
call    0 never executed
    #####:   65:    return current->second;
call    0 never executed
        -:   66:}
        -:   67:
function _ZN8Iterator10getCurrentEv called 1 returned 100% blocks executed 100%
        1:   68:ConcreteFarm * Iterator::getCurrent() {
        1:   69:    return current->second;
        1:   69-block  0
call    0 returned 1
        -:   70:}
