        -:    0:Source:C:/Users/njjvr/OneDrive/Documents/COS214/Prac 4/COS214_P4/Prac 4/Iterator.cpp
        -:    0:Graph:C:\Users\njjvr\OneDrive\Documents\COS214\Prac 4\COS214_P4\Prac 4\cmake-build-debug-coverage\CMakeFiles\Prac_4.dir\Iterator.cpp.gcno
        -:    0:Data:C:\Users\njjvr\OneDrive\Documents\COS214\Prac 4\COS214_P4\Prac 4\cmake-build-debug-coverage\CMakeFiles\Prac_4.dir\Iterator.cpp.gcda
        -:    0:Runs:1
        -:    1:#include "Iterator.h"
        -:    2:
function _ZN8IteratorC2ESt3mapINSt7__cxx1112basic_stringIcSt11char_traitsIcESaIcEEEP4FarmSt4lessIS6_ESaISt4pairIKS6_S8_EEE called 1 returned 100% blocks executed 86%
        1:    3:Iterator::Iterator(map<string, Farm *> farms) {
        1:    3-block  0
call    0 returned 1
        1:    4:    this->farms = farms;
call    0 returned 1
branch  1 taken 1 (fallthrough)
branch  2 taken 0 (throw)
        1:    5:    this->current = this->farms.begin()->second;
        1:    5-block  0
call    0 returned 1
call    1 returned 1
        1:    6:}
    $$$$$:    6-block  0
call    0 never executed
        -:    7:
function _ZN8Iterator7getFarmENSt7__cxx1112basic_stringIcSt11char_traitsIcESaIcEEE called 0 returned 0% blocks executed 0%
    #####:    8:Farm *Iterator::getFarm(string farmName) {
    #####:    9:    Farm * possibleFarm = farms.find(farmName)->second;
    %%%%%:    9-block  0
call    0 never executed
branch  1 never executed (fallthrough)
branch  2 never executed (throw)
    %%%%%:    9-block  1
call    3 never executed
        -:   10:
    #####:   11:    if (possibleFarm != nullptr) {
branch  0 never executed (fallthrough)
branch  1 never executed
    #####:   12:        current = possibleFarm;
    #####:   13:        return current;
    %%%%%:   13-block  0
        -:   14:    }
        -:   15:    else {
    #####:   16:        current = nullptr;
    #####:   17:        return current;
    %%%%%:   17-block  0
        -:   18:    }
        -:   19:}
        -:   20:
function _ZN8Iterator8getStartEv called 0 returned 0% blocks executed 0%
    #####:   21:Farm *Iterator::getStart() {
    #####:   22:    this->current = this->farms.begin()->second;
    %%%%%:   22-block  0
call    0 never executed
call    1 never executed
    #####:   23:    return current;
        -:   24:}
        -:   25:
function _ZN8Iterator6getEndEv called 0 returned 0% blocks executed 0%
    #####:   26:Farm *Iterator::getEnd() {
    #####:   27:    this->current = this->farms.end()->second;
    %%%%%:   27-block  0
call    0 never executed
call    1 never executed
    #####:   28:    return current;
        -:   29:}
        -:   30:
function _ZN8Iterator7getNextEv called 0 returned 0% blocks executed 0%
    #####:   31:Farm *Iterator::getNext() {
    #####:   32:    if (current == farms.end()->second) {
    %%%%%:   32-block  0
call    0 never executed
call    1 never executed
branch  2 never executed (fallthrough)
branch  3 never executed
    #####:   33:        return nullptr;
    %%%%%:   33-block  0
        -:   34:    }
        -:   35:
    #####:   36:    current = next(current);
    %%%%%:   36-block  0
        -:   37:
    #####:   38:    return current;
    %%%%%:   38-block  0
        -:   39:}
        -:   40:
function _ZN8Iterator11getPreviousEv called 0 returned 0% blocks executed 0%
    #####:   41:Farm *Iterator::getPrevious() {
    #####:   42:    if (current == farms.begin()->second) {
    %%%%%:   42-block  0
call    0 never executed
call    1 never executed
branch  2 never executed (fallthrough)
branch  3 never executed
    #####:   43:        return nullptr;
    %%%%%:   43-block  0
        -:   44:    }
        -:   45:
    #####:   46:    current = prev(current);
    %%%%%:   46-block  0
        -:   47:
    #####:   48:    return current;
    %%%%%:   48-block  0
        -:   49:}
        -:   50:
function _ZN8Iterator10getCurrentEv called 0 returned 0% blocks executed 0%
    #####:   51:Farm * Iterator::getCurrent() {
    #####:   52:    return current;
    %%%%%:   52-block  0
        -:   53:}
