        -:    0:Source:C:/Users/njjvr/OneDrive/Documents/COS214/Prac 4/COS214_P4/Prac 4/MoistSoil.cpp
        -:    0:Graph:C:\Users\njjvr\OneDrive\Documents\COS214\Prac 4\COS214_P4\Prac 4\cmake-build-debug-coverage\CMakeFiles\Prac_4.dir\MoistSoil.cpp.gcno
        -:    0:Data:C:\Users\njjvr\OneDrive\Documents\COS214\Prac 4\COS214_P4\Prac 4\cmake-build-debug-coverage\CMakeFiles\Prac_4.dir\MoistSoil.cpp.gcda
        -:    0:Runs:1
        -:    1:#include "MoistSoil.h"
        -:    2:
function _ZN9MoistSoil7getNameB5cxx11Ev called 0 returned 0% blocks executed 0%
    #####:    3:string MoistSoil::getName() {
    #####:    4:    return this->name;
    %%%%%:    4-block  0
call    0 never executed
        -:    5:}
        -:    6:
function _ZN9MoistSoil12harvestCropsEiP9CropField called 0 returned 0% blocks executed 0%
    #####:    7:void MoistSoil:: harvestCrops(int yield, CropField* context) {
    #####:    8:    if(!context->getCropStatus()){
    %%%%%:    8-block  0
call    0 never executed
branch  1 never executed (fallthrough)
branch  2 never executed
    #####:    9:        return;
    %%%%%:    9-block  0
        -:   10:    }
        -:   11:
    #####:   12:    cout << "Your is moist. Your have harvested twice the normal amount of crops!" << endl;
    %%%%%:   12-block  0
call    0 never executed
call    1 never executed
        -:   13:
    #####:   14:    cout << "You have harvested " << yield * productionMultiplier << " crops." << endl;
call    0 never executed
call    1 never executed
call    2 never executed
call    3 never executed
        -:   15:
        -:   16:}
        -:   17:
function _ZN9MoistSoil4rainEP9CropField called 0 returned 0% blocks executed 0%
    #####:   18:void MoistSoil::rain(CropField *context) {
    #####:   19:    cout << "It has started raining on a moist crop field" << endl;
    %%%%%:   19-block  0
call    0 never executed
call    1 never executed
    #####:   20:    context->setSoilState(new FruitfulSoil());
call    0 never executed
call    1 never executed
branch  2 never executed (fallthrough)
branch  3 never executed (throw)
    %%%%%:   20-block  0
call    4 never executed
branch  5 never executed (fallthrough)
branch  6 never executed (throw)
    $$$$$:   20-block  1
branch  7 never executed (fallthrough)
branch  8 never executed
    $$$$$:   20-block  2
call    9 never executed
        -:   21:
    #####:   22:}
    %%%%%:   22-block  0
        -:   23:
function _ZN9MoistSoil23getProductionMultiplierEv called 0 returned 0% blocks executed 0%
    #####:   24:int MoistSoil::getProductionMultiplier() {
    #####:   25:    return this->productionMultiplier;
    %%%%%:   25-block  0
        -:   26:}
