        -:    0:Source:C:/Users/njjvr/OneDrive/Documents/COS214/Prac 4/COS214_P4/Prac 4/Truck.cpp
        -:    0:Graph:C:\Users\njjvr\OneDrive\Documents\COS214\Prac 4\COS214_P4\Prac 4\cmake-build-debug-coverage\CMakeFiles\Prac_4.dir\Truck.cpp.gcno
        -:    0:Data:C:\Users\njjvr\OneDrive\Documents\COS214\Prac 4\COS214_P4\Prac 4\cmake-build-debug-coverage\CMakeFiles\Prac_4.dir\Truck.cpp.gcda
        -:    0:Runs:1
        -:    1:#include "Truck.h"
        -:    2:
function _ZN5TruckC2ENSt7__cxx1112basic_stringIcSt11char_traitsIcESaIcEEE called 0 returned 0% blocks executed 0%
    #####:    3:Truck::Truck(string name) {
    %%%%%:    3-block  0
call    0 never executed
    #####:    4:    this->name = name;
call    0 never executed
branch  1 never executed (fallthrough)
branch  2 never executed (throw)
    #####:    5:}
    %%%%%:    5-block  0
    $$$$$:    5-block  1
call    0 never executed
        -:    6:
function _ZN5Truck7getNameB5cxx11Ev called 0 returned 0% blocks executed 0%
    #####:    7:string Truck::getName() {
    #####:    8:    return this->name;
    %%%%%:    8-block  0
call    0 never executed
        -:    9:}
